{"__type":"$$EventMessageAudit","id":"7a808dbe-1b6d-4636-9361-2c474e3a8ebb","ts":"2025-05-10T18:44:30.152+00:00","eventName":"n8n.audit.user.login.success","message":"n8n.audit.user.login.success","payload":{"userId":"d43c6d0f-22b5-46d4-9362-55673a13aebd","_email":"anna@promptcrafthq.com","_firstName":"Russell","_lastName":"Randol","globalRole":"global:owner","authenticationMethod":"email"}}
{"__type":"$$EventMessageConfirm","confirm":"7a808dbe-1b6d-4636-9361-2c474e3a8ebb","ts":"2025-05-10T18:44:30.153+00:00","source":{"id":"0","name":"eventBus"}}
{"__type":"$$EventMessageAudit","id":"a8c8b08d-11ff-4e39-8ccd-04b22539c0bc","ts":"2025-05-10T19:46:27.560+00:00","eventName":"n8n.audit.workflow.created","message":"n8n.audit.workflow.created","payload":{"userId":"d43c6d0f-22b5-46d4-9362-55673a13aebd","_email":"anna@promptcrafthq.com","_firstName":"Russell","_lastName":"Randol","globalRole":"global:owner","workflowId":"puybbaOkE8HPE8T6","workflowName":"My workflow 4"}}
{"__type":"$$EventMessageConfirm","confirm":"a8c8b08d-11ff-4e39-8ccd-04b22539c0bc","ts":"2025-05-10T19:46:27.561+00:00","source":{"id":"0","name":"eventBus"}}
{"__type":"$$EventMessageAudit","id":"8c5dad5d-277a-4a4c-918d-ff680260769c","ts":"2025-05-10T19:52:45.486+00:00","eventName":"n8n.audit.user.credentials.created","message":"n8n.audit.user.credentials.created","payload":{"userId":"d43c6d0f-22b5-46d4-9362-55673a13aebd","_email":"anna@promptcrafthq.com","_firstName":"Russell","_lastName":"Randol","globalRole":"global:owner","credentialType":"googleSheetsOAuth2Api","credentialId":"fyF6YWJeXz7JtTDY","publicApi":false,"projectId":"HcEA4A6sv4q7G007","projectType":"personal"}}
{"__type":"$$EventMessageConfirm","confirm":"8c5dad5d-277a-4a4c-918d-ff680260769c","ts":"2025-05-10T19:52:45.487+00:00","source":{"id":"0","name":"eventBus"}}
{"__type":"$$EventMessageAudit","id":"0c26fa62-83bf-4338-b7aa-fbc97171e678","ts":"2025-05-10T16:20:47.825-04:00","eventName":"n8n.audit.user.credentials.created","message":"n8n.audit.user.credentials.created","payload":{"userId":"d43c6d0f-22b5-46d4-9362-55673a13aebd","_email":"anna@promptcrafthq.com","_firstName":"Russell","_lastName":"Randol","globalRole":"global:owner","credentialType":"googleSheetsOAuth2Api","credentialId":"MNHarNE6ORmt3sfL","publicApi":false,"projectId":"HcEA4A6sv4q7G007","projectType":"personal"}}
{"__type":"$$EventMessageConfirm","confirm":"0c26fa62-83bf-4338-b7aa-fbc97171e678","ts":"2025-05-10T16:20:47.826-04:00","source":{"id":"0","name":"eventBus"}}
{"__type":"$$EventMessageAudit","id":"80823d26-47fe-47c7-ae36-bbd381cf382d","ts":"2025-05-10T16:21:24.058-04:00","eventName":"n8n.audit.user.credentials.updated","message":"n8n.audit.user.credentials.updated","payload":{"userId":"d43c6d0f-22b5-46d4-9362-55673a13aebd","_email":"anna@promptcrafthq.com","_firstName":"Russell","_lastName":"Randol","globalRole":"global:owner","credentialType":"googleSheetsOAuth2Api","credentialId":"MNHarNE6ORmt3sfL"}}
{"__type":"$$EventMessageConfirm","confirm":"80823d26-47fe-47c7-ae36-bbd381cf382d","ts":"2025-05-10T16:21:24.058-04:00","source":{"id":"0","name":"eventBus"}}
{"__type":"$$EventMessageAudit","id":"c1733937-9f40-4776-b7e0-38bdb27f7c1e","ts":"2025-05-10T16:25:46.930-04:00","eventName":"n8n.audit.user.credentials.updated","message":"n8n.audit.user.credentials.updated","payload":{"userId":"d43c6d0f-22b5-46d4-9362-55673a13aebd","_email":"anna@promptcrafthq.com","_firstName":"Russell","_lastName":"Randol","globalRole":"global:owner","credentialType":"googleSheetsOAuth2Api","credentialId":"MNHarNE6ORmt3sfL"}}
{"__type":"$$EventMessageConfirm","confirm":"c1733937-9f40-4776-b7e0-38bdb27f7c1e","ts":"2025-05-10T16:25:46.930-04:00","source":{"id":"0","name":"eventBus"}}
{"__type":"$$EventMessageAudit","id":"0a886786-25f7-46e0-8bf9-c42930b03c80","ts":"2025-05-10T17:08:55.478-04:00","eventName":"n8n.audit.user.credentials.updated","message":"n8n.audit.user.credentials.updated","payload":{"userId":"d43c6d0f-22b5-46d4-9362-55673a13aebd","_email":"anna@promptcrafthq.com","_firstName":"Russell","_lastName":"Randol","globalRole":"global:owner","credentialType":"googleSheetsOAuth2Api","credentialId":"MNHarNE6ORmt3sfL"}}
{"__type":"$$EventMessageConfirm","confirm":"0a886786-25f7-46e0-8bf9-c42930b03c80","ts":"2025-05-10T17:08:55.479-04:00","source":{"id":"0","name":"eventBus"}}
{"__type":"$$EventMessageAudit","id":"2d6cf66b-e800-44dd-ac66-2968a44e0c2e","ts":"2025-05-10T17:09:07.464-04:00","eventName":"n8n.audit.user.credentials.updated","message":"n8n.audit.user.credentials.updated","payload":{"userId":"d43c6d0f-22b5-46d4-9362-55673a13aebd","_email":"anna@promptcrafthq.com","_firstName":"Russell","_lastName":"Randol","globalRole":"global:owner","credentialType":"googleSheetsOAuth2Api","credentialId":"MNHarNE6ORmt3sfL"}}
{"__type":"$$EventMessageConfirm","confirm":"2d6cf66b-e800-44dd-ac66-2968a44e0c2e","ts":"2025-05-10T17:09:07.465-04:00","source":{"id":"0","name":"eventBus"}}
{"__type":"$$EventMessageAudit","id":"2387e86a-cfe0-4b94-beac-72648fe57902","ts":"2025-05-10T20:17:54.392-04:00","eventName":"n8n.audit.workflow.updated","message":"n8n.audit.workflow.updated","payload":{"userId":"d43c6d0f-22b5-46d4-9362-55673a13aebd","_email":"anna@promptcrafthq.com","_firstName":"Russell","_lastName":"Randol","globalRole":"global:owner","workflowId":"puybbaOkE8HPE8T6","workflowName":"My workflow 4"}}
{"__type":"$$EventMessageConfirm","confirm":"2387e86a-cfe0-4b94-beac-72648fe57902","ts":"2025-05-10T20:17:54.396-04:00","source":{"id":"0","name":"eventBus"}}
{"__type":"$$EventMessageAudit","id":"c30114f2-1d5b-40d9-95bb-61c236724bdf","ts":"2025-05-12T16:57:15.347-04:00","eventName":"n8n.audit.workflow.created","message":"n8n.audit.workflow.created","payload":{"userId":"d43c6d0f-22b5-46d4-9362-55673a13aebd","_email":"anna@promptcrafthq.com","_firstName":"Russell","_lastName":"Randol","globalRole":"global:owner","workflowId":"nfsb5L4n662oXL11","workflowName":"My workflow 5"}}
{"__type":"$$EventMessageConfirm","confirm":"c30114f2-1d5b-40d9-95bb-61c236724bdf","ts":"2025-05-12T16:57:15.351-04:00","source":{"id":"0","name":"eventBus"}}
{"__type":"$$EventMessageAudit","id":"60fd4312-cba5-458b-8373-20149647a450","ts":"2025-05-12T17:08:43.127-04:00","eventName":"n8n.audit.user.credentials.created","message":"n8n.audit.user.credentials.created","payload":{"userId":"d43c6d0f-22b5-46d4-9362-55673a13aebd","_email":"anna@promptcrafthq.com","_firstName":"Russell","_lastName":"Randol","globalRole":"global:owner","credentialType":"httpHeaderAuth","credentialId":"cvXQlleRMCUHHf4z","publicApi":false,"projectId":"HcEA4A6sv4q7G007","projectType":"personal"}}
{"__type":"$$EventMessageConfirm","confirm":"60fd4312-cba5-458b-8373-20149647a450","ts":"2025-05-12T17:08:43.127-04:00","source":{"id":"0","name":"eventBus"}}
{"__type":"$$EventMessageAudit","id":"52c9c95f-b469-4c00-a563-7d7c0f9803eb","ts":"2025-05-12T17:08:59.660-04:00","eventName":"n8n.audit.workflow.created","message":"n8n.audit.workflow.created","payload":{"userId":"d43c6d0f-22b5-46d4-9362-55673a13aebd","_email":"anna@promptcrafthq.com","_firstName":"Russell","_lastName":"Randol","globalRole":"global:owner","workflowId":"vQT3OwvnL8Qs99Ee","workflowName":"My workflow 6"}}
{"__type":"$$EventMessageConfirm","confirm":"52c9c95f-b469-4c00-a563-7d7c0f9803eb","ts":"2025-05-12T17:08:59.660-04:00","source":{"id":"0","name":"eventBus"}}
{"__type":"$$EventMessageAudit","id":"2c4b5787-748a-45ab-aef5-9992eb69d7f7","ts":"2025-05-13T14:08:29.516-04:00","eventName":"n8n.audit.workflow.updated","message":"n8n.audit.workflow.updated","payload":{"userId":"d43c6d0f-22b5-46d4-9362-55673a13aebd","_email":"anna@promptcrafthq.com","_firstName":"Russell","_lastName":"Randol","globalRole":"global:owner","workflowId":"vQT3OwvnL8Qs99Ee","workflowName":"Lead_Gen_"}}
{"__type":"$$EventMessageConfirm","confirm":"2c4b5787-748a-45ab-aef5-9992eb69d7f7","ts":"2025-05-13T14:08:29.519-04:00","source":{"id":"0","name":"eventBus"}}
{"__type":"$$EventMessageAudit","id":"7be727c7-e2d5-4127-b129-d729489a5d02","ts":"2025-05-13T14:39:39.656-04:00","eventName":"n8n.audit.workflow.created","message":"n8n.audit.workflow.created","payload":{"userId":"d43c6d0f-22b5-46d4-9362-55673a13aebd","_email":"anna@promptcrafthq.com","_firstName":"Russell","_lastName":"Randol","globalRole":"global:owner","workflowId":"jWGihT4QTcO3cgw7","workflowName":"My workflow 6"}}
{"__type":"$$EventMessageConfirm","confirm":"7be727c7-e2d5-4127-b129-d729489a5d02","ts":"2025-05-13T14:39:39.657-04:00","source":{"id":"0","name":"eventBus"}}
{"__type":"$$EventMessageWorkflow","id":"3df396e7-cd69-41a3-adcd-1ea44430054a","ts":"2025-05-13T14:39:41.013-04:00","eventName":"n8n.workflow.started","message":"n8n.workflow.started","payload":{"executionId":"20","workflowId":"jWGihT4QTcO3cgw7","isManual":false,"workflowName":"My workflow 6"}}
{"__type":"$$EventMessageConfirm","confirm":"3df396e7-cd69-41a3-adcd-1ea44430054a","ts":"2025-05-13T14:39:41.013-04:00","source":{"id":"0","name":"eventBus"}}
{"__type":"$$EventMessageNode","id":"b3d6e811-4cd9-4d4f-bf4f-30702f33d129","ts":"2025-05-13T14:39:41.029-04:00","eventName":"n8n.node.started","message":"n8n.node.started","payload":{"workflowId":"jWGihT4QTcO3cgw7","workflowName":"My workflow 6","executionId":"20","nodeType":"n8n-nodes-base.set","nodeName":"Phase 4: Agent Brain"}}
{"__type":"$$EventMessageConfirm","confirm":"b3d6e811-4cd9-4d4f-bf4f-30702f33d129","ts":"2025-05-13T14:39:41.029-04:00","source":{"id":"0","name":"eventBus"}}
{"__type":"$$EventMessageNode","id":"1c005a7f-4407-4658-839c-e6ae0ec2087d","ts":"2025-05-13T14:39:41.075-04:00","eventName":"n8n.node.finished","message":"n8n.node.finished","payload":{"workflowId":"jWGihT4QTcO3cgw7","workflowName":"My workflow 6","executionId":"20","nodeType":"n8n-nodes-base.set","nodeName":"Phase 4: Agent Brain"}}
{"__type":"$$EventMessageConfirm","confirm":"1c005a7f-4407-4658-839c-e6ae0ec2087d","ts":"2025-05-13T14:39:41.075-04:00","source":{"id":"0","name":"eventBus"}}
{"__type":"$$EventMessageWorkflow","id":"4168311c-38fc-4faf-ae17-784ad90e9f2d","ts":"2025-05-13T14:39:41.177-04:00","eventName":"n8n.workflow.success","message":"n8n.workflow.success","payload":{"executionId":"20","userId":"d43c6d0f-22b5-46d4-9362-55673a13aebd","success":true,"isManual":true,"workflowId":"jWGihT4QTcO3cgw7","workflowName":"My workflow 6"}}
{"__type":"$$EventMessageConfirm","confirm":"4168311c-38fc-4faf-ae17-784ad90e9f2d","ts":"2025-05-13T14:39:41.178-04:00","source":{"id":"0","name":"eventBus"}}
{"__type":"$$EventMessageWorkflow","id":"1f0ff469-5f17-476c-9868-b599ccc45e62","ts":"2025-05-13T14:39:54.531-04:00","eventName":"n8n.workflow.started","message":"n8n.workflow.started","payload":{"executionId":"21","workflowId":"jWGihT4QTcO3cgw7","isManual":false,"workflowName":"My workflow 6"}}
{"__type":"$$EventMessageConfirm","confirm":"1f0ff469-5f17-476c-9868-b599ccc45e62","ts":"2025-05-13T14:39:54.531-04:00","source":{"id":"0","name":"eventBus"}}
{"__type":"$$EventMessageNode","id":"16724155-682f-4b74-b73c-58129b7827fb","ts":"2025-05-13T14:39:54.534-04:00","eventName":"n8n.node.started","message":"n8n.node.started","payload":{"workflowId":"jWGihT4QTcO3cgw7","workflowName":"My workflow 6","executionId":"21","nodeType":"n8n-nodes-base.set","nodeName":"Phase 3: Speed"}}
{"__type":"$$EventMessageConfirm","confirm":"16724155-682f-4b74-b73c-58129b7827fb","ts":"2025-05-13T14:39:54.534-04:00","source":{"id":"0","name":"eventBus"}}
{"__type":"$$EventMessageNode","id":"8149d485-a0d0-41da-8713-5d324a87e101","ts":"2025-05-13T14:39:54.548-04:00","eventName":"n8n.node.finished","message":"n8n.node.finished","payload":{"workflowId":"jWGihT4QTcO3cgw7","workflowName":"My workflow 6","executionId":"21","nodeType":"n8n-nodes-base.set","nodeName":"Phase 3: Speed"}}
{"__type":"$$EventMessageConfirm","confirm":"8149d485-a0d0-41da-8713-5d324a87e101","ts":"2025-05-13T14:39:54.548-04:00","source":{"id":"0","name":"eventBus"}}
{"__type":"$$EventMessageWorkflow","id":"b5d1b352-f89b-4dce-a1df-c750196c27cf","ts":"2025-05-13T14:39:54.561-04:00","eventName":"n8n.workflow.success","message":"n8n.workflow.success","payload":{"executionId":"21","userId":"d43c6d0f-22b5-46d4-9362-55673a13aebd","success":true,"isManual":true,"workflowId":"jWGihT4QTcO3cgw7","workflowName":"My workflow 6"}}
{"__type":"$$EventMessageConfirm","confirm":"b5d1b352-f89b-4dce-a1df-c750196c27cf","ts":"2025-05-13T14:39:54.562-04:00","source":{"id":"0","name":"eventBus"}}
{"__type":"$$EventMessageWorkflow","id":"3d961432-2953-47fe-88ae-c0175cd36cd8","ts":"2025-05-13T14:40:03.558-04:00","eventName":"n8n.workflow.started","message":"n8n.workflow.started","payload":{"executionId":"22","workflowId":"jWGihT4QTcO3cgw7","isManual":false,"workflowName":"My workflow 6"}}
{"__type":"$$EventMessageConfirm","confirm":"3d961432-2953-47fe-88ae-c0175cd36cd8","ts":"2025-05-13T14:40:03.559-04:00","source":{"id":"0","name":"eventBus"}}
{"__type":"$$EventMessageNode","id":"882bbd7c-c4ba-4b1d-89bb-ed2d8cf752da","ts":"2025-05-13T14:40:03.562-04:00","eventName":"n8n.node.started","message":"n8n.node.started","payload":{"workflowId":"jWGihT4QTcO3cgw7","workflowName":"My workflow 6","executionId":"22","nodeType":"n8n-nodes-base.set","nodeName":"Phase 2: Memory"}}
{"__type":"$$EventMessageConfirm","confirm":"882bbd7c-c4ba-4b1d-89bb-ed2d8cf752da","ts":"2025-05-13T14:40:03.562-04:00","source":{"id":"0","name":"eventBus"}}
{"__type":"$$EventMessageNode","id":"a4e2881a-ba65-4790-ac41-263470b645f3","ts":"2025-05-13T14:40:03.577-04:00","eventName":"n8n.node.finished","message":"n8n.node.finished","payload":{"workflowId":"jWGihT4QTcO3cgw7","workflowName":"My workflow 6","executionId":"22","nodeType":"n8n-nodes-base.set","nodeName":"Phase 2: Memory"}}
{"__type":"$$EventMessageConfirm","confirm":"a4e2881a-ba65-4790-ac41-263470b645f3","ts":"2025-05-13T14:40:03.577-04:00","source":{"id":"0","name":"eventBus"}}
{"__type":"$$EventMessageWorkflow","id":"a725f995-0a3c-4ed7-8448-797be9640a7e","ts":"2025-05-13T14:40:03.592-04:00","eventName":"n8n.workflow.success","message":"n8n.workflow.success","payload":{"executionId":"22","userId":"d43c6d0f-22b5-46d4-9362-55673a13aebd","success":true,"isManual":true,"workflowId":"jWGihT4QTcO3cgw7","workflowName":"My workflow 6"}}
{"__type":"$$EventMessageConfirm","confirm":"a725f995-0a3c-4ed7-8448-797be9640a7e","ts":"2025-05-13T14:40:03.592-04:00","source":{"id":"0","name":"eventBus"}}
{"__type":"$$EventMessageWorkflow","id":"a4f74edb-c37a-4f34-b02c-5d88afc56faf","ts":"2025-05-13T14:40:11.156-04:00","eventName":"n8n.workflow.started","message":"n8n.workflow.started","payload":{"executionId":"23","workflowId":"jWGihT4QTcO3cgw7","isManual":false,"workflowName":"My workflow 6"}}
{"__type":"$$EventMessageConfirm","confirm":"a4f74edb-c37a-4f34-b02c-5d88afc56faf","ts":"2025-05-13T14:40:11.156-04:00","source":{"id":"0","name":"eventBus"}}
{"__type":"$$EventMessageNode","id":"206017d8-3aa3-4dea-8604-907d9f56cdad","ts":"2025-05-13T14:40:11.159-04:00","eventName":"n8n.node.started","message":"n8n.node.started","payload":{"workflowId":"jWGihT4QTcO3cgw7","workflowName":"My workflow 6","executionId":"23","nodeType":"n8n-nodes-base.set","nodeName":"Phase 1: Foundation"}}
{"__type":"$$EventMessageConfirm","confirm":"206017d8-3aa3-4dea-8604-907d9f56cdad","ts":"2025-05-13T14:40:11.159-04:00","source":{"id":"0","name":"eventBus"}}
{"__type":"$$EventMessageNode","id":"ddb7a38c-7a98-4798-b73e-817fa527fef8","ts":"2025-05-13T14:40:11.172-04:00","eventName":"n8n.node.finished","message":"n8n.node.finished","payload":{"workflowId":"jWGihT4QTcO3cgw7","workflowName":"My workflow 6","executionId":"23","nodeType":"n8n-nodes-base.set","nodeName":"Phase 1: Foundation"}}
{"__type":"$$EventMessageConfirm","confirm":"ddb7a38c-7a98-4798-b73e-817fa527fef8","ts":"2025-05-13T14:40:11.172-04:00","source":{"id":"0","name":"eventBus"}}
{"__type":"$$EventMessageWorkflow","id":"b1f95c98-d8d1-4a47-b9a5-0ae9d16b0d26","ts":"2025-05-13T14:40:11.181-04:00","eventName":"n8n.workflow.success","message":"n8n.workflow.success","payload":{"executionId":"23","userId":"d43c6d0f-22b5-46d4-9362-55673a13aebd","success":true,"isManual":true,"workflowId":"jWGihT4QTcO3cgw7","workflowName":"My workflow 6"}}
{"__type":"$$EventMessageConfirm","confirm":"b1f95c98-d8d1-4a47-b9a5-0ae9d16b0d26","ts":"2025-05-13T14:40:11.181-04:00","source":{"id":"0","name":"eventBus"}}
{"__type":"$$EventMessageWorkflow","id":"492d6512-d5b3-435e-a25c-f32af7538da1","ts":"2025-05-13T14:40:22.506-04:00","eventName":"n8n.workflow.started","message":"n8n.workflow.started","payload":{"executionId":"24","workflowId":"jWGihT4QTcO3cgw7","isManual":false,"workflowName":"My workflow 6"}}
{"__type":"$$EventMessageConfirm","confirm":"492d6512-d5b3-435e-a25c-f32af7538da1","ts":"2025-05-13T14:40:22.507-04:00","source":{"id":"0","name":"eventBus"}}
{"__type":"$$EventMessageNode","id":"dff531f1-cd73-4acd-b704-d21d42f526f3","ts":"2025-05-13T14:40:22.510-04:00","eventName":"n8n.node.started","message":"n8n.node.started","payload":{"workflowId":"jWGihT4QTcO3cgw7","workflowName":"My workflow 6","executionId":"24","nodeType":"n8n-nodes-base.set","nodeName":"Phase 5: Loop"}}
{"__type":"$$EventMessageConfirm","confirm":"dff531f1-cd73-4acd-b704-d21d42f526f3","ts":"2025-05-13T14:40:22.510-04:00","source":{"id":"0","name":"eventBus"}}
{"__type":"$$EventMessageNode","id":"01f48759-ca57-46c3-8981-c23d5d971357","ts":"2025-05-13T14:40:22.521-04:00","eventName":"n8n.node.finished","message":"n8n.node.finished","payload":{"workflowId":"jWGihT4QTcO3cgw7","workflowName":"My workflow 6","executionId":"24","nodeType":"n8n-nodes-base.set","nodeName":"Phase 5: Loop"}}
{"__type":"$$EventMessageConfirm","confirm":"01f48759-ca57-46c3-8981-c23d5d971357","ts":"2025-05-13T14:40:22.521-04:00","source":{"id":"0","name":"eventBus"}}
{"__type":"$$EventMessageWorkflow","id":"405e660f-a8da-4bbf-91ad-6c81ced15823","ts":"2025-05-13T14:40:22.528-04:00","eventName":"n8n.workflow.success","message":"n8n.workflow.success","payload":{"executionId":"24","userId":"d43c6d0f-22b5-46d4-9362-55673a13aebd","success":true,"isManual":true,"workflowId":"jWGihT4QTcO3cgw7","workflowName":"My workflow 6"}}
{"__type":"$$EventMessageConfirm","confirm":"405e660f-a8da-4bbf-91ad-6c81ced15823","ts":"2025-05-13T14:40:22.528-04:00","source":{"id":"0","name":"eventBus"}}
{"__type":"$$EventMessageWorkflow","id":"1be9eacb-4d0f-4d53-a076-853897739ba5","ts":"2025-05-13T14:40:50.362-04:00","eventName":"n8n.workflow.started","message":"n8n.workflow.started","payload":{"executionId":"25","workflowId":"jWGihT4QTcO3cgw7","isManual":false,"workflowName":"My workflow 6"}}
{"__type":"$$EventMessageConfirm","confirm":"1be9eacb-4d0f-4d53-a076-853897739ba5","ts":"2025-05-13T14:40:50.362-04:00","source":{"id":"0","name":"eventBus"}}
{"__type":"$$EventMessageNode","id":"232bcff0-cae6-48f4-a472-2fd5e0389cd0","ts":"2025-05-13T14:40:50.364-04:00","eventName":"n8n.node.started","message":"n8n.node.started","payload":{"workflowId":"jWGihT4QTcO3cgw7","workflowName":"My workflow 6","executionId":"25","nodeType":"n8n-nodes-base.set","nodeName":"Phase 5: Loop"}}
{"__type":"$$EventMessageConfirm","confirm":"232bcff0-cae6-48f4-a472-2fd5e0389cd0","ts":"2025-05-13T14:40:50.365-04:00","source":{"id":"0","name":"eventBus"}}
{"__type":"$$EventMessageNode","id":"eebd8bc8-3579-42e0-83ec-8a498e152df7","ts":"2025-05-13T14:40:50.374-04:00","eventName":"n8n.node.finished","message":"n8n.node.finished","payload":{"workflowId":"jWGihT4QTcO3cgw7","workflowName":"My workflow 6","executionId":"25","nodeType":"n8n-nodes-base.set","nodeName":"Phase 5: Loop"}}
{"__type":"$$EventMessageConfirm","confirm":"eebd8bc8-3579-42e0-83ec-8a498e152df7","ts":"2025-05-13T14:40:50.374-04:00","source":{"id":"0","name":"eventBus"}}
{"__type":"$$EventMessageWorkflow","id":"64462ee9-8fd5-4853-860d-0bf361d10697","ts":"2025-05-13T14:40:50.380-04:00","eventName":"n8n.workflow.success","message":"n8n.workflow.success","payload":{"executionId":"25","userId":"d43c6d0f-22b5-46d4-9362-55673a13aebd","success":true,"isManual":true,"workflowId":"jWGihT4QTcO3cgw7","workflowName":"My workflow 6"}}
{"__type":"$$EventMessageConfirm","confirm":"64462ee9-8fd5-4853-860d-0bf361d10697","ts":"2025-05-13T14:40:50.380-04:00","source":{"id":"0","name":"eventBus"}}
{"__type":"$$EventMessageWorkflow","id":"167b23bc-c0d5-4212-b989-abbdadf43d56","ts":"2025-05-13T14:40:57.162-04:00","eventName":"n8n.workflow.started","message":"n8n.workflow.started","payload":{"executionId":"26","workflowId":"jWGihT4QTcO3cgw7","isManual":false,"workflowName":"My workflow 6"}}
{"__type":"$$EventMessageConfirm","confirm":"167b23bc-c0d5-4212-b989-abbdadf43d56","ts":"2025-05-13T14:40:57.163-04:00","source":{"id":"0","name":"eventBus"}}
{"__type":"$$EventMessageNode","id":"5f887d51-1116-4c7b-ab80-1fe3fe581074","ts":"2025-05-13T14:40:57.165-04:00","eventName":"n8n.node.started","message":"n8n.node.started","payload":{"workflowId":"jWGihT4QTcO3cgw7","workflowName":"My workflow 6","executionId":"26","nodeType":"n8n-nodes-base.set","nodeName":"Phase 6: Scale"}}
{"__type":"$$EventMessageConfirm","confirm":"5f887d51-1116-4c7b-ab80-1fe3fe581074","ts":"2025-05-13T14:40:57.165-04:00","source":{"id":"0","name":"eventBus"}}
{"__type":"$$EventMessageNode","id":"2553df3c-287f-48e3-84ed-b2f70bd90d3a","ts":"2025-05-13T14:40:57.170-04:00","eventName":"n8n.node.finished","message":"n8n.node.finished","payload":{"workflowId":"jWGihT4QTcO3cgw7","workflowName":"My workflow 6","executionId":"26","nodeType":"n8n-nodes-base.set","nodeName":"Phase 6: Scale"}}
{"__type":"$$EventMessageConfirm","confirm":"2553df3c-287f-48e3-84ed-b2f70bd90d3a","ts":"2025-05-13T14:40:57.170-04:00","source":{"id":"0","name":"eventBus"}}
{"__type":"$$EventMessageWorkflow","id":"ee8c90d6-c8be-49c3-940c-b0a6c73b1de0","ts":"2025-05-13T14:40:57.175-04:00","eventName":"n8n.workflow.success","message":"n8n.workflow.success","payload":{"executionId":"26","userId":"d43c6d0f-22b5-46d4-9362-55673a13aebd","success":true,"isManual":true,"workflowId":"jWGihT4QTcO3cgw7","workflowName":"My workflow 6"}}
{"__type":"$$EventMessageConfirm","confirm":"ee8c90d6-c8be-49c3-940c-b0a6c73b1de0","ts":"2025-05-13T14:40:57.175-04:00","source":{"id":"0","name":"eventBus"}}
{"__type":"$$EventMessageWorkflow","id":"b5e37672-0bce-4de8-99e9-aacc6c7cf0ff","ts":"2025-05-13T14:41:02.989-04:00","eventName":"n8n.workflow.started","message":"n8n.workflow.started","payload":{"executionId":"27","workflowId":"jWGihT4QTcO3cgw7","isManual":false,"workflowName":"My workflow 6"}}
{"__type":"$$EventMessageConfirm","confirm":"b5e37672-0bce-4de8-99e9-aacc6c7cf0ff","ts":"2025-05-13T14:41:02.989-04:00","source":{"id":"0","name":"eventBus"}}
{"__type":"$$EventMessageNode","id":"80e2194c-26db-4c57-95d6-5ffc0abe31e1","ts":"2025-05-13T14:41:02.990-04:00","eventName":"n8n.node.started","message":"n8n.node.started","payload":{"workflowId":"jWGihT4QTcO3cgw7","workflowName":"My workflow 6","executionId":"27","nodeType":"n8n-nodes-base.merge","nodeName":"Merge All Phases"}}
{"__type":"$$EventMessageConfirm","confirm":"80e2194c-26db-4c57-95d6-5ffc0abe31e1","ts":"2025-05-13T14:41:02.990-04:00","source":{"id":"0","name":"eventBus"}}
{"__type":"$$EventMessageNode","id":"032bd381-1ddb-4573-a2f6-86bdfa473b75","ts":"2025-05-13T14:41:02.995-04:00","eventName":"n8n.node.finished","message":"n8n.node.finished","payload":{"workflowId":"jWGihT4QTcO3cgw7","workflowName":"My workflow 6","executionId":"27","nodeType":"n8n-nodes-base.merge","nodeName":"Merge All Phases"}}
{"__type":"$$EventMessageConfirm","confirm":"032bd381-1ddb-4573-a2f6-86bdfa473b75","ts":"2025-05-13T14:41:02.995-04:00","source":{"id":"0","name":"eventBus"}}
{"__type":"$$EventMessageWorkflow","id":"c82bd2c9-a450-4658-bb45-c87abd3d6392","ts":"2025-05-13T14:41:02.999-04:00","eventName":"n8n.workflow.success","message":"n8n.workflow.success","payload":{"executionId":"27","userId":"d43c6d0f-22b5-46d4-9362-55673a13aebd","success":true,"isManual":true,"workflowId":"jWGihT4QTcO3cgw7","workflowName":"My workflow 6"}}
{"__type":"$$EventMessageConfirm","confirm":"c82bd2c9-a450-4658-bb45-c87abd3d6392","ts":"2025-05-13T14:41:02.999-04:00","source":{"id":"0","name":"eventBus"}}
{"__type":"$$EventMessageWorkflow","id":"59fdeb7a-edf4-4d3f-8c56-72acc4eea441","ts":"2025-05-13T14:41:16.514-04:00","eventName":"n8n.workflow.started","message":"n8n.workflow.started","payload":{"executionId":"28","workflowId":"jWGihT4QTcO3cgw7","isManual":false,"workflowName":"My workflow 6"}}
{"__type":"$$EventMessageConfirm","confirm":"59fdeb7a-edf4-4d3f-8c56-72acc4eea441","ts":"2025-05-13T14:41:16.515-04:00","source":{"id":"0","name":"eventBus"}}
{"__type":"$$EventMessageNode","id":"c767ec63-7e57-487a-a9ff-7da4055fd048","ts":"2025-05-13T14:41:16.517-04:00","eventName":"n8n.node.started","message":"n8n.node.started","payload":{"workflowId":"jWGihT4QTcO3cgw7","workflowName":"My workflow 6","executionId":"28","nodeType":"n8n-nodes-base.httpRequest","nodeName":"Create Project"}}
{"__type":"$$EventMessageConfirm","confirm":"c767ec63-7e57-487a-a9ff-7da4055fd048","ts":"2025-05-13T14:41:16.517-04:00","source":{"id":"0","name":"eventBus"}}
{"__type":"$$EventMessageNode","id":"9a5fe9a9-58a0-4379-ac92-aae06611049e","ts":"2025-05-13T14:41:16.675-04:00","eventName":"n8n.node.finished","message":"n8n.node.finished","payload":{"workflowId":"jWGihT4QTcO3cgw7","workflowName":"My workflow 6","executionId":"28","nodeType":"n8n-nodes-base.httpRequest","nodeName":"Create Project"}}
{"__type":"$$EventMessageConfirm","confirm":"9a5fe9a9-58a0-4379-ac92-aae06611049e","ts":"2025-05-13T14:41:16.675-04:00","source":{"id":"0","name":"eventBus"}}
{"__type":"$$EventMessageWorkflow","id":"d624a4f3-af64-407a-8e52-9da2ccae4f2a","ts":"2025-05-13T14:41:16.679-04:00","eventName":"n8n.workflow.failed","message":"n8n.workflow.failed","payload":{"executionId":"28","userId":"d43c6d0f-22b5-46d4-9362-55673a13aebd","success":false,"isManual":true,"workflowId":"jWGihT4QTcO3cgw7","workflowName":"My workflow 6","lastNodeExecuted":"Create Project","errorNodeType":"n8n-nodes-base.httpRequest","errorMessage":"The connection cannot be established, this usually occurs due to an incorrect host (domain) value"}}
{"__type":"$$EventMessageConfirm","confirm":"d624a4f3-af64-407a-8e52-9da2ccae4f2a","ts":"2025-05-13T14:41:16.679-04:00","source":{"id":"0","name":"eventBus"}}
{"__type":"$$EventMessageWorkflow","id":"e5cffd10-461c-4bf5-a312-cf62125cd89a","ts":"2025-05-13T14:41:48.292-04:00","eventName":"n8n.workflow.started","message":"n8n.workflow.started","payload":{"executionId":"29","workflowId":"jWGihT4QTcO3cgw7","isManual":false,"workflowName":"My workflow 6"}}
{"__type":"$$EventMessageConfirm","confirm":"e5cffd10-461c-4bf5-a312-cf62125cd89a","ts":"2025-05-13T14:41:48.292-04:00","source":{"id":"0","name":"eventBus"}}
{"__type":"$$EventMessageNode","id":"41755e17-67cf-4db3-9bf3-f3b20fe97353","ts":"2025-05-13T14:41:48.294-04:00","eventName":"n8n.node.started","message":"n8n.node.started","payload":{"workflowId":"jWGihT4QTcO3cgw7","workflowName":"My workflow 6","executionId":"29","nodeType":"n8n-nodes-base.set","nodeName":"Credentials"}}
{"__type":"$$EventMessageConfirm","confirm":"41755e17-67cf-4db3-9bf3-f3b20fe97353","ts":"2025-05-13T14:41:48.294-04:00","source":{"id":"0","name":"eventBus"}}
{"__type":"$$EventMessageNode","id":"a46f2b27-5436-49a2-98ec-5051374d8a0c","ts":"2025-05-13T14:41:48.302-04:00","eventName":"n8n.node.finished","message":"n8n.node.finished","payload":{"workflowId":"jWGihT4QTcO3cgw7","workflowName":"My workflow 6","executionId":"29","nodeType":"n8n-nodes-base.set","nodeName":"Credentials"}}
{"__type":"$$EventMessageConfirm","confirm":"a46f2b27-5436-49a2-98ec-5051374d8a0c","ts":"2025-05-13T14:41:48.302-04:00","source":{"id":"0","name":"eventBus"}}
{"__type":"$$EventMessageWorkflow","id":"ebefd106-da5f-4997-a92b-78a18c5d4461","ts":"2025-05-13T14:41:48.307-04:00","eventName":"n8n.workflow.success","message":"n8n.workflow.success","payload":{"executionId":"29","userId":"d43c6d0f-22b5-46d4-9362-55673a13aebd","success":true,"isManual":true,"workflowId":"jWGihT4QTcO3cgw7","workflowName":"My workflow 6"}}
{"__type":"$$EventMessageConfirm","confirm":"ebefd106-da5f-4997-a92b-78a18c5d4461","ts":"2025-05-13T14:41:48.307-04:00","source":{"id":"0","name":"eventBus"}}
{"__type":"$$EventMessageWorkflow","id":"b679cf39-ebf5-431a-b764-258904d717d8","ts":"2025-05-13T14:42:06.707-04:00","eventName":"n8n.workflow.started","message":"n8n.workflow.started","payload":{"executionId":"30","workflowId":"jWGihT4QTcO3cgw7","isManual":false,"workflowName":"My workflow 6"}}
{"__type":"$$EventMessageConfirm","confirm":"b679cf39-ebf5-431a-b764-258904d717d8","ts":"2025-05-13T14:42:06.707-04:00","source":{"id":"0","name":"eventBus"}}
{"__type":"$$EventMessageNode","id":"0c852621-ea59-46ee-8dba-d87b041427cb","ts":"2025-05-13T14:42:06.709-04:00","eventName":"n8n.node.started","message":"n8n.node.started","payload":{"workflowId":"jWGihT4QTcO3cgw7","workflowName":"My workflow 6","executionId":"30","nodeType":"n8n-nodes-base.manualTrigger","nodeName":"When clicking 'Execute Workflow'"}}
{"__type":"$$EventMessageConfirm","confirm":"0c852621-ea59-46ee-8dba-d87b041427cb","ts":"2025-05-13T14:42:06.709-04:00","source":{"id":"0","name":"eventBus"}}
{"__type":"$$EventMessageNode","id":"718b67fd-e589-4a0d-a030-7d744fed7366","ts":"2025-05-13T14:42:06.713-04:00","eventName":"n8n.node.finished","message":"n8n.node.finished","payload":{"workflowId":"jWGihT4QTcO3cgw7","workflowName":"My workflow 6","executionId":"30","nodeType":"n8n-nodes-base.manualTrigger","nodeName":"When clicking 'Execute Workflow'"}}
{"__type":"$$EventMessageConfirm","confirm":"718b67fd-e589-4a0d-a030-7d744fed7366","ts":"2025-05-13T14:42:06.714-04:00","source":{"id":"0","name":"eventBus"}}
{"__type":"$$EventMessageWorkflow","id":"82570d6d-aa11-45e4-be6f-8a49af462b63","ts":"2025-05-13T14:42:06.719-04:00","eventName":"n8n.workflow.success","message":"n8n.workflow.success","payload":{"executionId":"30","userId":"d43c6d0f-22b5-46d4-9362-55673a13aebd","success":true,"isManual":true,"workflowId":"jWGihT4QTcO3cgw7","workflowName":"My workflow 6"}}
{"__type":"$$EventMessageConfirm","confirm":"82570d6d-aa11-45e4-be6f-8a49af462b63","ts":"2025-05-13T14:42:06.719-04:00","source":{"id":"0","name":"eventBus"}}
{"__type":"$$EventMessageWorkflow","id":"94bc2c0b-028e-49fa-b80c-67d55bb0d91c","ts":"2025-05-13T14:42:14.794-04:00","eventName":"n8n.workflow.started","message":"n8n.workflow.started","payload":{"executionId":"31","workflowId":"jWGihT4QTcO3cgw7","isManual":false,"workflowName":"My workflow 6"}}
{"__type":"$$EventMessageConfirm","confirm":"94bc2c0b-028e-49fa-b80c-67d55bb0d91c","ts":"2025-05-13T14:42:14.794-04:00","source":{"id":"0","name":"eventBus"}}
{"__type":"$$EventMessageNode","id":"4a7ab7c2-f25a-43db-a17e-221a5dcaf622","ts":"2025-05-13T14:42:14.796-04:00","eventName":"n8n.node.started","message":"n8n.node.started","payload":{"workflowId":"jWGihT4QTcO3cgw7","workflowName":"My workflow 6","executionId":"31","nodeType":"n8n-nodes-base.manualTrigger","nodeName":"When clicking 'Execute Workflow'"}}
{"__type":"$$EventMessageConfirm","confirm":"4a7ab7c2-f25a-43db-a17e-221a5dcaf622","ts":"2025-05-13T14:42:14.796-04:00","source":{"id":"0","name":"eventBus"}}
{"__type":"$$EventMessageNode","id":"3d87384c-36f7-455a-b52b-8a5af9643fcd","ts":"2025-05-13T14:42:14.800-04:00","eventName":"n8n.node.finished","message":"n8n.node.finished","payload":{"workflowId":"jWGihT4QTcO3cgw7","workflowName":"My workflow 6","executionId":"31","nodeType":"n8n-nodes-base.manualTrigger","nodeName":"When clicking 'Execute Workflow'"}}
{"__type":"$$EventMessageConfirm","confirm":"3d87384c-36f7-455a-b52b-8a5af9643fcd","ts":"2025-05-13T14:42:14.800-04:00","source":{"id":"0","name":"eventBus"}}
{"__type":"$$EventMessageWorkflow","id":"45e71a4e-e09d-4e9c-8d2f-0cc918356d05","ts":"2025-05-13T14:42:14.810-04:00","eventName":"n8n.workflow.success","message":"n8n.workflow.success","payload":{"executionId":"31","userId":"d43c6d0f-22b5-46d4-9362-55673a13aebd","success":true,"isManual":true,"workflowId":"jWGihT4QTcO3cgw7","workflowName":"My workflow 6"}}
{"__type":"$$EventMessageConfirm","confirm":"45e71a4e-e09d-4e9c-8d2f-0cc918356d05","ts":"2025-05-13T14:42:14.811-04:00","source":{"id":"0","name":"eventBus"}}
{"__type":"$$EventMessageAudit","id":"a24b937d-0b2f-4def-adbc-ecab5cc6c9e8","ts":"2025-05-13T14:44:05.229-04:00","eventName":"n8n.audit.workflow.updated","message":"n8n.audit.workflow.updated","payload":{"userId":"d43c6d0f-22b5-46d4-9362-55673a13aebd","_email":"anna@promptcrafthq.com","_firstName":"Russell","_lastName":"Randol","globalRole":"global:owner","workflowId":"jWGihT4QTcO3cgw7","workflowName":"My workflow 6"}}
{"__type":"$$EventMessageConfirm","confirm":"a24b937d-0b2f-4def-adbc-ecab5cc6c9e8","ts":"2025-05-13T14:44:05.229-04:00","source":{"id":"0","name":"eventBus"}}
{"__type":"$$EventMessageAudit","id":"d131ca68-568c-43ee-953b-268dce48f44e","ts":"2025-05-13T14:51:19.860-04:00","eventName":"n8n.audit.workflow.created","message":"n8n.audit.workflow.created","payload":{"userId":"d43c6d0f-22b5-46d4-9362-55673a13aebd","_email":"anna@promptcrafthq.com","_firstName":"Russell","_lastName":"Randol","globalRole":"global:owner","workflowId":"2xTIxjhtnKsqadw3","workflowName":"Lead_Gen_ copy"}}
{"__type":"$$EventMessageConfirm","confirm":"d131ca68-568c-43ee-953b-268dce48f44e","ts":"2025-05-13T14:51:19.861-04:00","source":{"id":"0","name":"eventBus"}}
{"__type":"$$EventMessageAudit","id":"9cff5ed5-ca48-412f-a015-d47a6b5bee3f","ts":"2025-05-13T14:55:48.129-04:00","eventName":"n8n.audit.user.credentials.created","message":"n8n.audit.user.credentials.created","payload":{"userId":"d43c6d0f-22b5-46d4-9362-55673a13aebd","_email":"anna@promptcrafthq.com","_firstName":"Russell","_lastName":"Randol","globalRole":"global:owner","credentialType":"smtp","credentialId":"l4BJEmLOg2xHvX39","publicApi":false,"projectId":"HcEA4A6sv4q7G007","projectType":"personal"}}
{"__type":"$$EventMessageConfirm","confirm":"9cff5ed5-ca48-412f-a015-d47a6b5bee3f","ts":"2025-05-13T14:55:48.129-04:00","source":{"id":"0","name":"eventBus"}}
{"__type":"$$EventMessageAudit","id":"242c7949-cf4a-44c4-b4de-269ada03c214","ts":"2025-05-13T15:03:31.233-04:00","eventName":"n8n.audit.user.credentials.updated","message":"n8n.audit.user.credentials.updated","payload":{"userId":"d43c6d0f-22b5-46d4-9362-55673a13aebd","_email":"anna@promptcrafthq.com","_firstName":"Russell","_lastName":"Randol","globalRole":"global:owner","credentialType":"smtp","credentialId":"l4BJEmLOg2xHvX39"}}
{"__type":"$$EventMessageConfirm","confirm":"242c7949-cf4a-44c4-b4de-269ada03c214","ts":"2025-05-13T15:03:31.234-04:00","source":{"id":"0","name":"eventBus"}}
{"__type":"$$EventMessageAudit","id":"aaff2ee6-f58c-4670-a083-464ecf991bfb","ts":"2025-05-13T20:57:53.946-04:00","eventName":"n8n.audit.workflow.updated","message":"n8n.audit.workflow.updated","payload":{"userId":"d43c6d0f-22b5-46d4-9362-55673a13aebd","_email":"anna@promptcrafthq.com","_firstName":"Russell","_lastName":"Randol","globalRole":"global:owner","workflowId":"2xTIxjhtnKsqadw3","workflowName":"Lead_Gen_ copy"}}
{"__type":"$$EventMessageConfirm","confirm":"aaff2ee6-f58c-4670-a083-464ecf991bfb","ts":"2025-05-13T20:57:53.969-04:00","source":{"id":"0","name":"eventBus"}}
{"__type":"$$EventMessageAudit","id":"0969342c-b7f3-48cf-924e-bfa70ebfc721","ts":"2025-05-13T20:59:13.505-04:00","eventName":"n8n.audit.workflow.created","message":"n8n.audit.workflow.created","payload":{"userId":"d43c6d0f-22b5-46d4-9362-55673a13aebd","_email":"anna@promptcrafthq.com","_firstName":"Russell","_lastName":"Randol","globalRole":"global:owner","workflowId":"QGwcWjnY0QBmtNeV","workflowName":"My workflow 7"}}
{"__type":"$$EventMessageConfirm","confirm":"0969342c-b7f3-48cf-924e-bfa70ebfc721","ts":"2025-05-13T20:59:13.506-04:00","source":{"id":"0","name":"eventBus"}}
{"__type":"$$EventMessageWorkflow","id":"28bde119-ef4f-43fb-a46b-4e5ec0f92c92","ts":"2025-05-13T21:31:08.743-04:00","eventName":"n8n.workflow.failed","message":"n8n.workflow.failed","payload":{"executionId":"32","userId":"d43c6d0f-22b5-46d4-9362-55673a13aebd","success":false,"isManual":true,"workflowId":"QGwcWjnY0QBmtNeV","workflowName":"My workflow 7","errorMessage":"The workflow has issues and cannot be executed for that reason. Please fix them first."}}
{"__type":"$$EventMessageConfirm","confirm":"28bde119-ef4f-43fb-a46b-4e5ec0f92c92","ts":"2025-05-13T21:31:08.745-04:00","source":{"id":"0","name":"eventBus"}}
