{"__type":"$$EventMessageWorkflow","id":"faaf2573-ea57-4fa8-b46f-ec46461411b8","ts":"2025-05-02T20:25:18.629+00:00","eventName":"n8n.workflow.started","message":"n8n.workflow.started","payload":{"executionId":"3","workflowId":"6Jnv5BoAPKVuYZtH","isManual":false,"workflowName":"My workflow"}}
{"__type":"$$EventMessageConfirm","confirm":"faaf2573-ea57-4fa8-b46f-ec46461411b8","ts":"2025-05-02T20:25:18.630+00:00","source":{"id":"0","name":"eventBus"}}
{"__type":"$$EventMessageWorkflow","id":"7222119c-b3d9-4cdf-ac32-808af61e40fd","ts":"2025-05-02T20:25:18.660+00:00","eventName":"n8n.workflow.success","message":"n8n.workflow.success","payload":{"executionId":"3","userId":"d43c6d0f-22b5-46d4-9362-55673a13aebd","success":true,"isManual":true,"workflowId":"6Jnv5BoAPKVuYZtH","workflowName":"My workflow"}}
{"__type":"$$EventMessageConfirm","confirm":"7222119c-b3d9-4cdf-ac32-808af61e40fd","ts":"2025-05-02T20:25:18.661+00:00","source":{"id":"0","name":"eventBus"}}
{"__type":"$$EventMessageWorkflow","id":"9906023f-1896-4d68-8927-36e154cf7045","ts":"2025-05-02T20:25:27.432+00:00","eventName":"n8n.workflow.started","message":"n8n.workflow.started","payload":{"executionId":"4","workflowId":"6Jnv5BoAPKVuYZtH","isManual":false,"workflowName":"My workflow"}}
{"__type":"$$EventMessageConfirm","confirm":"9906023f-1896-4d68-8927-36e154cf7045","ts":"2025-05-02T20:25:27.432+00:00","source":{"id":"0","name":"eventBus"}}
{"__type":"$$EventMessageWorkflow","id":"6afd3e69-4ef7-4539-9e57-901f69731298","ts":"2025-05-02T20:25:27.448+00:00","eventName":"n8n.workflow.success","message":"n8n.workflow.success","payload":{"executionId":"4","userId":"d43c6d0f-22b5-46d4-9362-55673a13aebd","success":true,"isManual":true,"workflowId":"6Jnv5BoAPKVuYZtH","workflowName":"My workflow"}}
{"__type":"$$EventMessageConfirm","confirm":"6afd3e69-4ef7-4539-9e57-901f69731298","ts":"2025-05-02T20:25:27.449+00:00","source":{"id":"0","name":"eventBus"}}
{"__type":"$$EventMessageWorkflow","id":"f3478fa3-965c-4d0a-99cf-93ec69bd27b6","ts":"2025-05-02T20:25:33.951+00:00","eventName":"n8n.workflow.started","message":"n8n.workflow.started","payload":{"executionId":"5","workflowId":"6Jnv5BoAPKVuYZtH","isManual":false,"workflowName":"My workflow"}}
{"__type":"$$EventMessageConfirm","confirm":"f3478fa3-965c-4d0a-99cf-93ec69bd27b6","ts":"2025-05-02T20:25:33.952+00:00","source":{"id":"0","name":"eventBus"}}
{"__type":"$$EventMessageWorkflow","id":"ee9159e5-b95a-47d3-8790-72ca97706dd5","ts":"2025-05-02T20:25:33.978+00:00","eventName":"n8n.workflow.success","message":"n8n.workflow.success","payload":{"executionId":"5","userId":"d43c6d0f-22b5-46d4-9362-55673a13aebd","success":true,"isManual":true,"workflowId":"6Jnv5BoAPKVuYZtH","workflowName":"My workflow"}}
{"__type":"$$EventMessageConfirm","confirm":"ee9159e5-b95a-47d3-8790-72ca97706dd5","ts":"2025-05-02T20:25:33.979+00:00","source":{"id":"0","name":"eventBus"}}
{"__type":"$$EventMessageWorkflow","id":"41136943-ef05-45e5-bf99-18fd69e2b686","ts":"2025-05-02T20:25:40.586+00:00","eventName":"n8n.workflow.started","message":"n8n.workflow.started","payload":{"executionId":"6","workflowId":"6Jnv5BoAPKVuYZtH","isManual":false,"workflowName":"My workflow"}}
{"__type":"$$EventMessageConfirm","confirm":"41136943-ef05-45e5-bf99-18fd69e2b686","ts":"2025-05-02T20:25:40.586+00:00","source":{"id":"0","name":"eventBus"}}
{"__type":"$$EventMessageWorkflow","id":"4da44013-0b71-4d1d-9a44-e0b60d175576","ts":"2025-05-02T20:25:40.596+00:00","eventName":"n8n.workflow.success","message":"n8n.workflow.success","payload":{"executionId":"6","userId":"d43c6d0f-22b5-46d4-9362-55673a13aebd","success":true,"isManual":true,"workflowId":"6Jnv5BoAPKVuYZtH","workflowName":"My workflow"}}
{"__type":"$$EventMessageConfirm","confirm":"4da44013-0b71-4d1d-9a44-e0b60d175576","ts":"2025-05-02T20:25:40.597+00:00","source":{"id":"0","name":"eventBus"}}
{"__type":"$$EventMessageWorkflow","id":"5f799312-a8fa-4f4f-b633-57168ec07ee8","ts":"2025-05-02T20:25:46.121+00:00","eventName":"n8n.workflow.started","message":"n8n.workflow.started","payload":{"executionId":"7","workflowId":"6Jnv5BoAPKVuYZtH","isManual":false,"workflowName":"My workflow"}}
{"__type":"$$EventMessageConfirm","confirm":"5f799312-a8fa-4f4f-b633-57168ec07ee8","ts":"2025-05-02T20:25:46.121+00:00","source":{"id":"0","name":"eventBus"}}
{"__type":"$$EventMessageWorkflow","id":"110f0785-4e4b-4ea0-bbfc-9d9d92290fdb","ts":"2025-05-02T20:25:46.134+00:00","eventName":"n8n.workflow.success","message":"n8n.workflow.success","payload":{"executionId":"7","userId":"d43c6d0f-22b5-46d4-9362-55673a13aebd","success":true,"isManual":true,"workflowId":"6Jnv5BoAPKVuYZtH","workflowName":"My workflow"}}
{"__type":"$$EventMessageConfirm","confirm":"110f0785-4e4b-4ea0-bbfc-9d9d92290fdb","ts":"2025-05-02T20:25:46.134+00:00","source":{"id":"0","name":"eventBus"}}
{"__type":"$$EventMessageWorkflow","id":"c73c1880-5506-4746-83c2-aeb547ed262c","ts":"2025-05-02T20:25:53.339+00:00","eventName":"n8n.workflow.started","message":"n8n.workflow.started","payload":{"executionId":"8","workflowId":"6Jnv5BoAPKVuYZtH","isManual":false,"workflowName":"My workflow"}}
{"__type":"$$EventMessageConfirm","confirm":"c73c1880-5506-4746-83c2-aeb547ed262c","ts":"2025-05-02T20:25:53.339+00:00","source":{"id":"0","name":"eventBus"}}
{"__type":"$$EventMessageWorkflow","id":"aac68678-767a-4560-8454-d317d29a816a","ts":"2025-05-02T20:25:53.352+00:00","eventName":"n8n.workflow.success","message":"n8n.workflow.success","payload":{"executionId":"8","userId":"d43c6d0f-22b5-46d4-9362-55673a13aebd","success":true,"isManual":true,"workflowId":"6Jnv5BoAPKVuYZtH","workflowName":"My workflow"}}
{"__type":"$$EventMessageConfirm","confirm":"aac68678-767a-4560-8454-d317d29a816a","ts":"2025-05-02T20:25:53.352+00:00","source":{"id":"0","name":"eventBus"}}
{"__type":"$$EventMessageWorkflow","id":"f5ba1389-23e9-4658-8679-c4e43a7046be","ts":"2025-05-02T20:26:00.095+00:00","eventName":"n8n.workflow.started","message":"n8n.workflow.started","payload":{"executionId":"9","workflowId":"6Jnv5BoAPKVuYZtH","isManual":false,"workflowName":"My workflow"}}
{"__type":"$$EventMessageConfirm","confirm":"f5ba1389-23e9-4658-8679-c4e43a7046be","ts":"2025-05-02T20:26:00.095+00:00","source":{"id":"0","name":"eventBus"}}
{"__type":"$$EventMessageWorkflow","id":"03f8b8b7-f1e2-4a9b-b0bd-8dc9c3937ad5","ts":"2025-05-02T20:26:00.110+00:00","eventName":"n8n.workflow.success","message":"n8n.workflow.success","payload":{"executionId":"9","userId":"d43c6d0f-22b5-46d4-9362-55673a13aebd","success":true,"isManual":true,"workflowId":"6Jnv5BoAPKVuYZtH","workflowName":"My workflow"}}
{"__type":"$$EventMessageConfirm","confirm":"03f8b8b7-f1e2-4a9b-b0bd-8dc9c3937ad5","ts":"2025-05-02T20:26:00.110+00:00","source":{"id":"0","name":"eventBus"}}
{"__type":"$$EventMessageWorkflow","id":"748453a0-42ff-407b-adbe-7373d5275a6e","ts":"2025-05-02T20:26:08.027+00:00","eventName":"n8n.workflow.started","message":"n8n.workflow.started","payload":{"executionId":"10","workflowId":"6Jnv5BoAPKVuYZtH","isManual":false,"workflowName":"My workflow"}}
{"__type":"$$EventMessageConfirm","confirm":"748453a0-42ff-407b-adbe-7373d5275a6e","ts":"2025-05-02T20:26:08.027+00:00","source":{"id":"0","name":"eventBus"}}
{"__type":"$$EventMessageWorkflow","id":"3868c900-77fe-4d0c-914a-d69c9db46c8a","ts":"2025-05-02T20:26:08.041+00:00","eventName":"n8n.workflow.success","message":"n8n.workflow.success","payload":{"executionId":"10","userId":"d43c6d0f-22b5-46d4-9362-55673a13aebd","success":true,"isManual":true,"workflowId":"6Jnv5BoAPKVuYZtH","workflowName":"My workflow"}}
{"__type":"$$EventMessageConfirm","confirm":"3868c900-77fe-4d0c-914a-d69c9db46c8a","ts":"2025-05-02T20:26:08.041+00:00","source":{"id":"0","name":"eventBus"}}
{"__type":"$$EventMessageWorkflow","id":"843eccc0-2f10-407f-ade1-0f0a13abde17","ts":"2025-05-02T20:26:15.295+00:00","eventName":"n8n.workflow.started","message":"n8n.workflow.started","payload":{"executionId":"11","workflowId":"6Jnv5BoAPKVuYZtH","isManual":false,"workflowName":"My workflow"}}
{"__type":"$$EventMessageConfirm","confirm":"843eccc0-2f10-407f-ade1-0f0a13abde17","ts":"2025-05-02T20:26:15.295+00:00","source":{"id":"0","name":"eventBus"}}
{"__type":"$$EventMessageWorkflow","id":"3ab4265a-9b9d-41a2-8d50-7819a0e530f1","ts":"2025-05-02T20:26:15.314+00:00","eventName":"n8n.workflow.success","message":"n8n.workflow.success","payload":{"executionId":"11","userId":"d43c6d0f-22b5-46d4-9362-55673a13aebd","success":true,"isManual":true,"workflowId":"6Jnv5BoAPKVuYZtH","workflowName":"My workflow"}}
{"__type":"$$EventMessageConfirm","confirm":"3ab4265a-9b9d-41a2-8d50-7819a0e530f1","ts":"2025-05-02T20:26:15.318+00:00","source":{"id":"0","name":"eventBus"}}
{"__type":"$$EventMessageAudit","id":"e84b6387-543b-459d-aaf4-b20dc5965190","ts":"2025-05-03T19:46:18.993+00:00","eventName":"n8n.audit.workflow.created","message":"n8n.audit.workflow.created","payload":{"userId":"d43c6d0f-22b5-46d4-9362-55673a13aebd","_email":"anna@promptcrafthq.com","_firstName":"Russell","_lastName":"Randol","globalRole":"global:owner","workflowId":"23O3HOGGG25bakOY","workflowName":"My workflow 3"}}
{"__type":"$$EventMessageConfirm","confirm":"e84b6387-543b-459d-aaf4-b20dc5965190","ts":"2025-05-03T19:46:18.995+00:00","source":{"id":"0","name":"eventBus"}}
